<?xml version="1.0" encoding="UTF-8"?>
<!-- Generated by org.testng.reporters.JUnitReportReporter -->
<testsuite skipped="0" hostname="DESKTOP-O2FO1ML" name="com.testng.myrunner.RunParallel" tests="1" failures="0" timestamp="2021-06-07T21:02:36 IST" time="13.017" errors="0">
  <testcase name="runScenario" time="13.017" classname="com.testng.myrunner.RunParallel"/>
  <system-out/>
</testsuite> <!-- com.testng.myrunner.RunParallel -->
